<?xml version="1.0" encoding="UTF-8"?>
<!-- Generated by org.testng.reporters.JUnitReportReporter -->
<testsuite hostname="LAPTOP-HO37VHUL" failures="0" tests="1" name="com.ict.testcases.Admin_AcademicTC" time="8.863" errors="0" timestamp="2023-08-08T17:17:19 IST" skipped="0">
  <testcase classname="com.ict.testcases.Admin_AcademicTC" name="admin_academic" time="8.863"/>
</testsuite> <!-- com.ict.testcases.Admin_AcademicTC -->
