<?xml version="1.0" encoding="UTF-8"?>
<!-- Generated by org.testng.reporters.JUnitReportReporter -->
<testsuite hostname="LAPTOP-HO37VHUL" failures="0" tests="1" name="com.ict.testcases.LoginTC" time="10.854" errors="0" timestamp="2023-08-08T17:17:19 IST" skipped="0">
  <testcase classname="com.ict.testcases.LoginTC" name="verify_1" time="10.854"/>
</testsuite> <!-- com.ict.testcases.LoginTC -->
