<?xml version="1.0" encoding="UTF-8"?>
<!-- Generated by org.testng.reporters.JUnitReportReporter -->
<testsuite hostname="LAPTOP-HO37VHUL" failures="0" tests="2" name="com.ict.testcases.Admin_CorporateTC" time="25.365" errors="0" timestamp="2023-08-08T21:00:46 IST" skipped="0">
  <testcase classname="com.ict.testcases.Admin_CorporateTC" name="admin_corporate" time="10.202"/>
  <testcase classname="com.ict.testcases.Admin_CorporateTC" name="tbl_iterate" time="15.163"/>
</testsuite> <!-- com.ict.testcases.Admin_CorporateTC -->
